Info: Starting: Create block symbol file (.bsf)
Info: qsys-generate /home/tyler/dommb_rev1_ddr3_test/altclkctrl.qsys --block-symbol-file --output-directory=/home/tyler/dommb_rev1_ddr3_test/altclkctrl --family="Cyclone V" --part=5CEFA7F23I7
Progress: Loading dommb_rev1_ddr3_test/altclkctrl.qsys
Progress: Reading input file
Progress: Adding altclkctrl_0 [altclkctrl 16.0]
Progress: Parameterizing module altclkctrl_0
Progress: Building connections
Progress: Parameterizing connections
Progress: Validating
Progress: Done reading input file
: altclkctrl.altclkctrl_0: Targeting device family: Cyclone V.
: altclkctrl.altclkctrl_0: Global clock network allows a clock signal to reach all parts of the chip with the same amount of skew. Input port 'clkselect' can be used to switch between four clock inputs.
: altclkctrl.altclkctrl_0: The register mode of port 'ena' is unavailable while 'ena' port not added. 
Info: qsys-generate succeeded.
Info: Finished: Create block symbol file (.bsf)
Info: 
Info: Starting: Create HDL design files for synthesis
Info: qsys-generate /home/tyler/dommb_rev1_ddr3_test/altclkctrl.qsys --synthesis=VERILOG --output-directory=/home/tyler/dommb_rev1_ddr3_test/altclkctrl/synthesis --family="Cyclone V" --part=5CEFA7F23I7
Progress: Loading dommb_rev1_ddr3_test/altclkctrl.qsys
Progress: Reading input file
Progress: Adding altclkctrl_0 [altclkctrl 16.0]
Progress: Parameterizing module altclkctrl_0
Progress: Building connections
Progress: Parameterizing connections
Progress: Validating
Progress: Done reading input file
: altclkctrl.altclkctrl_0: Targeting device family: Cyclone V.
: altclkctrl.altclkctrl_0: Global clock network allows a clock signal to reach all parts of the chip with the same amount of skew. Input port 'clkselect' can be used to switch between four clock inputs.
: altclkctrl.altclkctrl_0: The register mode of port 'ena' is unavailable while 'ena' port not added. 
Info: altclkctrl: Generating altclkctrl "altclkctrl" for QUARTUS_SYNTH
Info: altclkctrl_0: Generating top-level entity altclkctrl_altclkctrl_0.
Info: altclkctrl_0: "altclkctrl" instantiated altclkctrl "altclkctrl_0"
Info: altclkctrl: Done "altclkctrl" with 2 modules, 2 files
Info: qsys-generate succeeded.
Info: Finished: Create HDL design files for synthesis
