Flow report for nios2_ddr_prog_mem
Sat Mar 18 22:10:08 2017
Quartus Prime Version 16.0.0 Build 211 04/27/2016 SJ Standard Edition


---------------------
; Table of Contents ;
---------------------
  1. Legal Notice
  2. Flow Summary
  3. Flow Settings
  4. Flow Non-Default Global Settings
  5. Flow Elapsed Time
  6. Flow OS Summary
  7. Flow Log
  8. Flow Messages
  9. Flow Suppressed Messages



----------------
; Legal Notice ;
----------------
Copyright (C) 1991-2016 Altera Corporation. All rights reserved.
Your use of Altera Corporation's design tools, logic functions 
and other software and tools, and its AMPP partner logic 
functions, and any output files from any of the foregoing 
(including device programming or simulation files), and any 
associated documentation or information are expressly subject 
to the terms and conditions of the Altera Program License 
Subscription Agreement, the Altera Quartus Prime License Agreement,
the Altera MegaCore Function License Agreement, or other 
applicable license agreement, including, without limitation, 
that your use is for the sole purpose of programming logic 
devices manufactured by Altera and sold by Altera or its 
authorized distributors.  Please refer to the applicable 
agreement for further details.



+-----------------------------------------------------------------------------------+
; Flow Summary                                                                      ;
+---------------------------------+-------------------------------------------------+
; Flow Status                     ; Successful - Sat Mar 18 22:08:43 2017           ;
; Quartus Prime Version           ; 16.0.0 Build 211 04/27/2016 SJ Standard Edition ;
; Revision Name                   ; nios2_ddr_prog_mem                              ;
; Top-level Entity Name           ; qsys_nios2_ddr3_top                             ;
; Family                          ; Cyclone V                                       ;
; Device                          ; 5CEFA7F23I7                                     ;
; Timing Models                   ; Final                                           ;
; Logic utilization (in ALMs)     ; 4,939 / 56,480 ( 9 % )                          ;
; Total registers                 ; 7647                                            ;
; Total pins                      ; 50 / 240 ( 21 % )                               ;
; Total virtual pins              ; 0                                               ;
; Total block memory bits         ; 1,298,576 / 7,024,640 ( 18 % )                  ;
; Total DSP Blocks                ; 3 / 156 ( 2 % )                                 ;
; Total HSSI RX PCSs              ; 0                                               ;
; Total HSSI PMA RX Deserializers ; 0                                               ;
; Total HSSI TX PCSs              ; 0                                               ;
; Total HSSI PMA TX Serializers   ; 0                                               ;
; Total PLLs                      ; 2 / 7 ( 29 % )                                  ;
; Total DLLs                      ; 1 / 4 ( 25 % )                                  ;
+---------------------------------+-------------------------------------------------+


+-----------------------------------------+
; Flow Settings                           ;
+-------------------+---------------------+
; Option            ; Setting             ;
+-------------------+---------------------+
; Start date & time ; 03/18/2017 22:01:19 ;
; Main task         ; Compilation         ;
; Revision Name     ; nios2_ddr_prog_mem  ;
+-------------------+---------------------+


+-------------------------------------------------------------------------------------------------------------------------------------------------------------------------+
; Flow Non-Default Global Settings                                                                                                                                        ;
+---------------------------------------+-------------------------------------------------------------------+--------------------+---------------------+------------------+
; Assignment Name                       ; Value                                                             ; Default Value      ; Entity Name         ; Section Id       ;
+---------------------------------------+-------------------------------------------------------------------+--------------------+---------------------+------------------+
; COMPILER_SIGNATURE_ID                 ; 207732451923946.148988887615760                                   ; --                 ; --                  ; --               ;
; ECO_REGENERATE_REPORT                 ; On                                                                ; Off                ; --                  ; --               ;
; ENABLE_SIGNALTAP                      ; On                                                                ; --                 ; --                  ; --               ;
; MAX_CORE_JUNCTION_TEMP                ; 100                                                               ; --                 ; --                  ; --               ;
; MIN_CORE_JUNCTION_TEMP                ; -40                                                               ; --                 ; --                  ; --               ;
; MISC_FILE                             ; qsys_nios2_ddr3/synthesis/../qsys_nios2_ddr3.cmp                  ; --                 ; --                  ; --               ;
; MISC_FILE                             ; qsys_nios2_ddr3/synthesis/../../qsys_nios2_ddr3.qsys              ; --                 ; --                  ; --               ;
; MISC_FILE                             ; qsys_nios2_ddr3/synthesis/submodules/alt_mem_ddrx_define.iv       ; --                 ; --                  ; --               ;
; PARTITION_COLOR                       ; 16764057                                                          ; --                 ; qsys_nios2_ddr3_top ; Top              ;
; PARTITION_FITTER_PRESERVATION_LEVEL   ; PLACEMENT_AND_ROUTING                                             ; --                 ; qsys_nios2_ddr3_top ; Top              ;
; PARTITION_NETLIST_TYPE                ; SOURCE                                                            ; --                 ; qsys_nios2_ddr3_top ; Top              ;
; POWER_BOARD_THERMAL_MODEL             ; None (CONSERVATIVE)                                               ; --                 ; --                  ; --               ;
; POWER_PRESET_COOLING_SOLUTION         ; 23 MM HEAT SINK WITH 200 LFPM AIRFLOW                             ; --                 ; --                  ; --               ;
; PROJECT_OUTPUT_DIRECTORY              ; output_files                                                      ; --                 ; --                  ; --               ;
; SLD_FILE                              ; qsys_nios2_ddr3/synthesis/qsys_nios2_ddr3.regmap                  ; --                 ; --                  ; --               ;
; SLD_FILE                              ; qsys_nios2_ddr3/synthesis/qsys_nios2_ddr3.debuginfo               ; --                 ; --                  ; --               ;
; SLD_FILE                              ; db/stp2_auto_stripped.stp                                         ; --                 ; --                  ; --               ;
; SLD_INFO                              ; QSYS_NAME qsys_nios2_ddr3 HAS_SOPCINFO 1 GENERATION_ID 1489717321 ; --                 ; qsys_nios2_ddr3     ; --               ;
; SLD_NODE_CREATOR_ID                   ; 110                                                               ; --                 ; --                  ; auto_signaltap_0 ;
; SLD_NODE_ENTITY_NAME                  ; sld_signaltap                                                     ; --                 ; --                  ; auto_signaltap_0 ;
; SLD_NODE_PARAMETER_ASSIGNMENT         ; SLD_RAM_BLOCK_TYPE=AUTO                                           ; --                 ; --                  ; auto_signaltap_0 ;
; SLD_NODE_PARAMETER_ASSIGNMENT         ; SLD_DATA_BITS=6                                                   ; --                 ; --                  ; auto_signaltap_0 ;
; SLD_NODE_PARAMETER_ASSIGNMENT         ; SLD_TRIGGER_BITS=6                                                ; --                 ; --                  ; auto_signaltap_0 ;
; SLD_NODE_PARAMETER_ASSIGNMENT         ; SLD_STORAGE_QUALIFIER_BITS=6                                      ; --                 ; --                  ; auto_signaltap_0 ;
; SLD_NODE_PARAMETER_ASSIGNMENT         ; SLD_NODE_INFO=805334528                                           ; --                 ; --                  ; auto_signaltap_0 ;
; SLD_NODE_PARAMETER_ASSIGNMENT         ; SLD_POWER_UP_TRIGGER=0                                            ; --                 ; --                  ; auto_signaltap_0 ;
; SLD_NODE_PARAMETER_ASSIGNMENT         ; SLD_INVERSION_MASK=000000000000000000000000000000000000000        ; --                 ; --                  ; auto_signaltap_0 ;
; SLD_NODE_PARAMETER_ASSIGNMENT         ; SLD_INVERSION_MASK_LENGTH=39                                      ; --                 ; --                  ; auto_signaltap_0 ;
; SLD_NODE_PARAMETER_ASSIGNMENT         ; SLD_STORAGE_QUALIFIER_INVERSION_MASK_LENGTH=0                     ; --                 ; --                  ; auto_signaltap_0 ;
; SLD_NODE_PARAMETER_ASSIGNMENT         ; SLD_SEGMENT_SIZE=128                                              ; --                 ; --                  ; auto_signaltap_0 ;
; SLD_NODE_PARAMETER_ASSIGNMENT         ; SLD_ATTRIBUTE_MEM_MODE=OFF                                        ; --                 ; --                  ; auto_signaltap_0 ;
; SLD_NODE_PARAMETER_ASSIGNMENT         ; SLD_STATE_FLOW_USE_GENERATED=0                                    ; --                 ; --                  ; auto_signaltap_0 ;
; SLD_NODE_PARAMETER_ASSIGNMENT         ; SLD_STATE_BITS=11                                                 ; --                 ; --                  ; auto_signaltap_0 ;
; SLD_NODE_PARAMETER_ASSIGNMENT         ; SLD_BUFFER_FULL_STOP=1                                            ; --                 ; --                  ; auto_signaltap_0 ;
; SLD_NODE_PARAMETER_ASSIGNMENT         ; SLD_CURRENT_RESOURCE_WIDTH=1                                      ; --                 ; --                  ; auto_signaltap_0 ;
; SLD_NODE_PARAMETER_ASSIGNMENT         ; SLD_INCREMENTAL_ROUTING=1                                         ; --                 ; --                  ; auto_signaltap_0 ;
; SLD_NODE_PARAMETER_ASSIGNMENT         ; SLD_TRIGGER_LEVEL=1                                               ; --                 ; --                  ; auto_signaltap_0 ;
; SLD_NODE_PARAMETER_ASSIGNMENT         ; SLD_SAMPLE_DEPTH=128                                              ; --                 ; --                  ; auto_signaltap_0 ;
; SLD_NODE_PARAMETER_ASSIGNMENT         ; SLD_TRIGGER_IN_ENABLED=0                                          ; --                 ; --                  ; auto_signaltap_0 ;
; SLD_NODE_PARAMETER_ASSIGNMENT         ; SLD_TRIGGER_PIPELINE=0                                            ; --                 ; --                  ; auto_signaltap_0 ;
; SLD_NODE_PARAMETER_ASSIGNMENT         ; SLD_RAM_PIPELINE=0                                                ; --                 ; --                  ; auto_signaltap_0 ;
; SLD_NODE_PARAMETER_ASSIGNMENT         ; SLD_COUNTER_PIPELINE=0                                            ; --                 ; --                  ; auto_signaltap_0 ;
; SLD_NODE_PARAMETER_ASSIGNMENT         ; SLD_ADVANCED_TRIGGER_ENTITY=basic,1,                              ; --                 ; --                  ; auto_signaltap_0 ;
; SLD_NODE_PARAMETER_ASSIGNMENT         ; SLD_TRIGGER_LEVEL_PIPELINE=1                                      ; --                 ; --                  ; auto_signaltap_0 ;
; SLD_NODE_PARAMETER_ASSIGNMENT         ; SLD_ENABLE_ADVANCED_TRIGGER=0                                     ; --                 ; --                  ; auto_signaltap_0 ;
; SOPCINFO_FILE                         ; qsys_nios2_ddr3/synthesis/../../qsys_nios2_ddr3.sopcinfo          ; --                 ; --                  ; --               ;
; SYNTHESIS_ONLY_QIP                    ; On                                                                ; --                 ; --                  ; --               ;
; TOP_LEVEL_ENTITY                      ; qsys_nios2_ddr3_top                                               ; nios2_ddr_prog_mem ; --                  ; --               ;
; USE_DLL_FREQUENCY_FOR_DQS_DELAY_CHAIN ; On                                                                ; Off                ; --                  ; --               ;
; USE_SIGNALTAP_FILE                    ; stp2.stp                                                          ; --                 ; --                  ; --               ;
+---------------------------------------+-------------------------------------------------------------------+--------------------+---------------------+------------------+


+-------------------------------------------------------------------------------------------------------------------------------+
; Flow Elapsed Time                                                                                                             ;
+---------------------------+--------------+-------------------------+---------------------+------------------------------------+
; Module Name               ; Elapsed Time ; Average Processors Used ; Peak Virtual Memory ; Total CPU Time (on all processors) ;
+---------------------------+--------------+-------------------------+---------------------+------------------------------------+
; Analysis & Synthesis      ; 00:01:40     ; 1.2                     ; 1973 MB             ; 00:02:33                           ;
; Fitter                    ; 00:05:06     ; 1.2                     ; 3635 MB             ; 00:09:24                           ;
; Assembler                 ; 00:00:18     ; 1.0                     ; 1397 MB             ; 00:00:18                           ;
; TimeQuest Timing Analyzer ; 00:01:20     ; 1.5                     ; 2621 MB             ; 00:01:54                           ;
; Total                     ; 00:08:24     ; --                      ; --                  ; 00:14:09                           ;
+---------------------------+--------------+-------------------------+---------------------+------------------------------------+


+---------------------------------------------------------------------------------------------+
; Flow OS Summary                                                                             ;
+---------------------------+------------------+----------------+------------+----------------+
; Module Name               ; Machine Hostname ; OS Name        ; OS Version ; Processor type ;
+---------------------------+------------------+----------------+------------+----------------+
; Analysis & Synthesis      ; vela             ; Ubuntu 14.04.5 ; 14         ; x86_64         ;
; Fitter                    ; vela             ; Ubuntu 14.04.5 ; 14         ; x86_64         ;
; Assembler                 ; vela             ; Ubuntu 14.04.5 ; 14         ; x86_64         ;
; TimeQuest Timing Analyzer ; vela             ; Ubuntu 14.04.5 ; 14         ; x86_64         ;
+---------------------------+------------------+----------------+------------+----------------+


------------
; Flow Log ;
------------
quartus_map --read_settings_files=on --write_settings_files=off nios2_ddr_prog_mem -c nios2_ddr_prog_mem
quartus_fit --read_settings_files=off --write_settings_files=off nios2_ddr_prog_mem -c nios2_ddr_prog_mem
quartus_asm --read_settings_files=off --write_settings_files=off nios2_ddr_prog_mem -c nios2_ddr_prog_mem
quartus_sta nios2_ddr_prog_mem -c nios2_ddr_prog_mem



